{
  "/Users/patrickschwagler/c3/funWithIstanbul/dir1/wee.js": {
    "path": "/Users/patrickschwagler/c3/funWithIstanbul/dir1/wee.js",
    "s": {
      "1": 1,
      "2": 1,
      "3": 1,
      "4": 0
    },
    "b": {
      "1": [
        1,
        0
      ]
    },
    "f": {
      "1": 1
    },
    "fnMap": {
      "1": {
        "name": "(anonymous_1)",
        "line": 1,
        "loc": {
          "start": {
            "line": 1,
            "column": 14
          },
          "end": {
            "line": 1,
            "column": 26
          }
        }
      }
    },
    "statementMap": {
      "1": {
        "start": {
          "line": 1,
          "column": 0
        },
        "end": {
          "line": 7,
          "column": 1
        }
      },
      "2": {
        "start": {
          "line": 2,
          "column": 2
        },
        "end": {
          "line": 6,
          "column": 3
        }
      },
      "3": {
        "start": {
          "line": 3,
          "column": 4
        },
        "end": {
          "line": 3,
          "column": 17
        }
      },
      "4": {
        "start": {
          "line": 5,
          "column": 4
        },
        "end": {
          "line": 5,
          "column": 20
        }
      }
    },
    "branchMap": {
      "1": {
        "line": 2,
        "type": "if",
        "locations": [
          {
            "start": {
              "line": 2,
              "column": 2
            },
            "end": {
              "line": 2,
              "column": 2
            }
          },
          {
            "start": {
              "line": 2,
              "column": 2
            },
            "end": {
              "line": 2,
              "column": 2
            }
          }
        ]
      }
    }
  },
  "/Users/patrickschwagler/c3/funWithIstanbul/dir1/woohoo.js": {
    "path": "/Users/patrickschwagler/c3/funWithIstanbul/dir1/woohoo.js",
    "s": {
      "1": 1,
      "2": 1,
      "3": 1,
      "4": 1,
      "5": 1,
      "6": 0,
      "7": 0,
      "8": 0
    },
    "b": {
      "1": [
        1,
        0
      ],
      "2": [
        0,
        0
      ]
    },
    "f": {
      "1": 1,
      "2": 1
    },
    "fnMap": {
      "1": {
        "name": "fun",
        "line": 1,
        "loc": {
          "start": {
            "line": 1,
            "column": 0
          },
          "end": {
            "line": 1,
            "column": 16
          }
        }
      },
      "2": {
        "name": "(anonymous_2)",
        "line": 5,
        "loc": {
          "start": {
            "line": 5,
            "column": 17
          },
          "end": {
            "line": 5,
            "column": 29
          }
        }
      }
    },
    "statementMap": {
      "1": {
        "start": {
          "line": 1,
          "column": 0
        },
        "end": {
          "line": 3,
          "column": 1
        }
      },
      "2": {
        "start": {
          "line": 2,
          "column": 2
        },
        "end": {
          "line": 2,
          "column": 15
        }
      },
      "3": {
        "start": {
          "line": 5,
          "column": 0
        },
        "end": {
          "line": 13,
          "column": 1
        }
      },
      "4": {
        "start": {
          "line": 6,
          "column": 2
        },
        "end": {
          "line": 12,
          "column": 3
        }
      },
      "5": {
        "start": {
          "line": 7,
          "column": 4
        },
        "end": {
          "line": 7,
          "column": 16
        }
      },
      "6": {
        "start": {
          "line": 8,
          "column": 9
        },
        "end": {
          "line": 12,
          "column": 3
        }
      },
      "7": {
        "start": {
          "line": 9,
          "column": 4
        },
        "end": {
          "line": 9,
          "column": 17
        }
      },
      "8": {
        "start": {
          "line": 11,
          "column": 4
        },
        "end": {
          "line": 11,
          "column": 14
        }
      }
    },
    "branchMap": {
      "1": {
        "line": 6,
        "type": "if",
        "locations": [
          {
            "start": {
              "line": 6,
              "column": 2
            },
            "end": {
              "line": 6,
              "column": 2
            }
          },
          {
            "start": {
              "line": 6,
              "column": 2
            },
            "end": {
              "line": 6,
              "column": 2
            }
          }
        ]
      },
      "2": {
        "line": 8,
        "type": "if",
        "locations": [
          {
            "start": {
              "line": 8,
              "column": 9
            },
            "end": {
              "line": 8,
              "column": 9
            }
          },
          {
            "start": {
              "line": 8,
              "column": 9
            },
            "end": {
              "line": 8,
              "column": 9
            }
          }
        ]
      }
    }
  },
  "/Users/patrickschwagler/c3/funWithIstanbul/dir1/dir2/yeah.js": {
    "path": "/Users/patrickschwagler/c3/funWithIstanbul/dir1/dir2/yeah.js",
    "s": {
      "1": 1,
      "2": 1,
      "3": 2,
      "4": 0,
      "5": 2,
      "6": 1
    },
    "b": {
      "1": [
        0,
        2
      ]
    },
    "f": {
      "1": 1
    },
    "fnMap": {
      "1": {
        "name": "(anonymous_1)",
        "line": 1,
        "loc": {
          "start": {
            "line": 1,
            "column": 15
          },
          "end": {
            "line": 1,
            "column": 27
          }
        }
      }
    },
    "statementMap": {
      "1": {
        "start": {
          "line": 1,
          "column": 0
        },
        "end": {
          "line": 9,
          "column": 1
        }
      },
      "2": {
        "start": {
          "line": 2,
          "column": 2
        },
        "end": {
          "line": 7,
          "column": 3
        }
      },
      "3": {
        "start": {
          "line": 3,
          "column": 4
        },
        "end": {
          "line": 5,
          "column": 5
        }
      },
      "4": {
        "start": {
          "line": 4,
          "column": 6
        },
        "end": {
          "line": 4,
          "column": 32
        }
      },
      "5": {
        "start": {
          "line": 6,
          "column": 4
        },
        "end": {
          "line": 6,
          "column": 25
        }
      },
      "6": {
        "start": {
          "line": 8,
          "column": 2
        },
        "end": {
          "line": 8,
          "column": 14
        }
      }
    },
    "branchMap": {
      "1": {
        "line": 3,
        "type": "if",
        "locations": [
          {
            "start": {
              "line": 3,
              "column": 4
            },
            "end": {
              "line": 3,
              "column": 4
            }
          },
          {
            "start": {
              "line": 3,
              "column": 4
            },
            "end": {
              "line": 3,
              "column": 4
            }
          }
        ]
      }
    }
  }
}