TN:
SF:/Users/patrickschwagler/c3/funWithIstanbul/dir1/wee.js
FN:1,(anonymous_1)
FNF:1
FNH:1
FNDA:1,(anonymous_1)
DA:1,1
DA:2,1
DA:3,1
DA:5,0
LF:4
LH:3
BRDA:2,1,0,1
BRDA:2,1,1,0
BRF:2
BRH:1
end_of_record
TN:
SF:/Users/patrickschwagler/c3/funWithIstanbul/dir1/woohoo.js
FN:1,fun
FN:5,(anonymous_2)
FNF:2
FNH:2
FNDA:1,fun
FNDA:1,(anonymous_2)
DA:1,1
DA:2,1
DA:5,1
DA:6,1
DA:7,1
DA:8,0
DA:9,0
DA:11,0
LF:8
LH:5
BRDA:6,1,0,1
BRDA:6,1,1,0
BRDA:8,2,0,0
BRDA:8,2,1,0
BRF:4
BRH:1
end_of_record
TN:
SF:/Users/patrickschwagler/c3/funWithIstanbul/dir1/dir2/yeah.js
FN:1,(anonymous_1)
FNF:1
FNH:1
FNDA:1,(anonymous_1)
DA:1,1
DA:2,1
DA:3,2
DA:4,0
DA:6,2
DA:8,1
LF:6
LH:5
BRDA:3,1,0,0
BRDA:3,1,1,2
BRF:2
BRH:1
end_of_record
TN:
SF:/Users/patrickschwagler/c3/funWithIstanbul/examples.js
FN:4,readCoverageFromJSON
FN:9,writeReports
FN:12,(anonymous_3)
FN:23,instrument
FNF:4
FNH:0
FNDA:0,readCoverageFromJSON
FNDA:0,writeReports
FNDA:0,(anonymous_3)
FNDA:0,instrument
DA:1,0
DA:2,0
DA:4,0
DA:6,0
DA:9,0
DA:10,0
DA:11,0
DA:12,0
DA:17,0
DA:18,0
DA:19,0
DA:20,0
DA:21,0
DA:23,0
DA:25,0
DA:26,0
DA:27,0
DA:28,0
DA:31,0
LF:19
LH:0
BRF:0
BRH:0
end_of_record
TN:
SF:/Users/patrickschwagler/c3/funWithIstanbul/test2/test_wee_2.spec.js
FN:3,(anonymous_1)
FN:4,(anonymous_2)
FNF:2
FNH:0
FNDA:0,(anonymous_1)
FNDA:0,(anonymous_2)
DA:1,0
DA:3,0
DA:4,0
DA:5,0
LF:4
LH:0
BRF:0
BRH:0
end_of_record
